<?xml version="1.0" encoding="UTF-8"?>
<!-- Generated by org.testng.reporters.JUnitReportReporter -->
<testsuite hostname="DESKTOP-GF57R6E" failures="0" tests="1" name="qaisr.dice" time="33.415" errors="0" timestamp="2024-02-12T14:35:49 AST" skipped="0">
  <testcase classname="qaisr.dice" name="car" time="33.415"/>
</testsuite> <!-- qaisr.dice -->
