<?xml version="1.0" encoding="UTF-8"?>
<!-- Generated by org.testng.reporters.JUnitReportReporter -->
<testsuite hostname="DESKTOP-GF57R6E" failures="0" tests="1" name="qaisr.pumpingLemma" time="5.601" errors="0" timestamp="2024-01-16T14:29:29 AST" skipped="0">
  <testcase classname="qaisr.pumpingLemma" name="oumbLema" time="5.601"/>
</testsuite> <!-- qaisr.pumpingLemma -->
