<?xml version="1.0" encoding="UTF-8"?>
<!-- Generated by org.testng.reporters.JUnitReportReporter -->
<testsuite hostname="DESKTOP-GF57R6E" failures="0" tests="1" name="qaisr.RPS" time="5.682" errors="0" timestamp="2024-01-16T14:29:29 AST" skipped="0">
  <testcase classname="qaisr.RPS" name="RPSs" time="5.682"/>
</testsuite> <!-- qaisr.RPS -->
