<?xml version="1.0" encoding="UTF-8"?>
<!-- Generated by org.testng.reporters.JUnitReportReporter -->
<testsuite hostname="DESKTOP-GF57R6E" failures="0" tests="1" name="qaisr.homePage" time="3.780" errors="0" timestamp="2024-01-02T16:05:19 AST" skipped="0">
  <testcase classname="qaisr.homePage" name="Login" time="3.780"/>
</testsuite> <!-- qaisr.homePage -->
